The system is: Linux - 5.15.13-1.el7.elrepo.x86_64 - x86_64
Compiling the C compiler identification source file "CMakeCCompilerId.c" succeeded.
Compiler: /home/yangw/local/gcc/bin/cc 
Build flags: 
Id flags:  

The output was:
0


Compilation of the C compiler identification source "CMakeCCompilerId.c" produced "a.out"

The C compiler identification is GNU, found in "/home/yangw/sources/SegmentOpenvino/build_ov2020/CMakeFiles/3.22.1/CompilerIdC/a.out"

Compiling the CXX compiler identification source file "CMakeCXXCompilerId.cpp" succeeded.
Compiler: /home/yangw/local/gcc/bin/c++ 
Build flags: 
Id flags:  

The output was:
0


Compilation of the CXX compiler identification source "CMakeCXXCompilerId.cpp" produced "a.out"

The CXX compiler identification is GNU, found in "/home/yangw/sources/SegmentOpenvino/build_ov2020/CMakeFiles/3.22.1/CompilerIdCXX/a.out"

Detecting C compiler ABI info compiled with the following output:
Change Dir: /home/yangw/sources/SegmentOpenvino/build_ov2020/CMakeFiles/CMakeTmp

Run Build Command(s):/usr/bin/gmake -f Makefile cmTC_2a429/fast && /usr/bin/gmake  -f CMakeFiles/cmTC_2a429.dir/build.make CMakeFiles/cmTC_2a429.dir/build
gmake[1]: Entering directory `/home/yangw/sources/SegmentOpenvino/build_ov2020/CMakeFiles/CMakeTmp'
Building C object CMakeFiles/cmTC_2a429.dir/CMakeCCompilerABI.c.o
/home/yangw/local/gcc/bin/cc   -v -o CMakeFiles/cmTC_2a429.dir/CMakeCCompilerABI.c.o -c /home/yangw/anaconda3/envs/ov2020/share/cmake-3.22/Modules/CMakeCCompilerABI.c
Using built-in specs.
COLLECT_GCC=/home/yangw/local/gcc/bin/cc
Target: x86_64-pc-linux-gnu
Configured with: ./configure --prefix=/home/yangw/local/gcc --disable-multilib
Thread model: posix
gcc version 9.4.0 (GCC) 
COLLECT_GCC_OPTIONS='-v' '-o' 'CMakeFiles/cmTC_2a429.dir/CMakeCCompilerABI.c.o' '-c' '-mtune=generic' '-march=x86-64'
 /home/yangw/local/gcc-9.4.0/bin/../libexec/gcc/x86_64-pc-linux-gnu/9.4.0/cc1 -quiet -v -iprefix /home/yangw/local/gcc-9.4.0/bin/../lib/gcc/x86_64-pc-linux-gnu/9.4.0/ /home/yangw/anaconda3/envs/ov2020/share/cmake-3.22/Modules/CMakeCCompilerABI.c -quiet -dumpbase CMakeCCompilerABI.c -mtune=generic -march=x86-64 -auxbase-strip CMakeFiles/cmTC_2a429.dir/CMakeCCompilerABI.c.o -version -o /tmp/ccdqcGOg.s
GNU C17 (GCC) version 9.4.0 (x86_64-pc-linux-gnu)
	compiled by GNU C version 9.4.0, GMP version 6.0.0, MPFR version 3.1.1, MPC version 1.0.1, isl version none
GGC heuristics: --param ggc-min-expand=100 --param ggc-min-heapsize=131072
ignoring nonexistent directory "/home/yangw/local/gcc-9.4.0/bin/../lib/gcc/x86_64-pc-linux-gnu/9.4.0/../../../../x86_64-pc-linux-gnu/include"
ignoring duplicate directory "/home/yangw/local/gcc-9.4.0/bin/../lib/gcc/../../lib/gcc/x86_64-pc-linux-gnu/9.4.0/include"
ignoring duplicate directory "/home/yangw/local/gcc-9.4.0/bin/../lib/gcc/../../lib/gcc/x86_64-pc-linux-gnu/9.4.0/include-fixed"
ignoring nonexistent directory "/home/yangw/local/gcc-9.4.0/bin/../lib/gcc/../../lib/gcc/x86_64-pc-linux-gnu/9.4.0/../../../../x86_64-pc-linux-gnu/include"
#include "..." search starts here:
#include <...> search starts here:
 /home/yangw/local/gcc-9.4.0/bin/../lib/gcc/x86_64-pc-linux-gnu/9.4.0/include
 /home/yangw/local/gcc-9.4.0/bin/../lib/gcc/x86_64-pc-linux-gnu/9.4.0/include-fixed
 /usr/local/include
 /home/yangw/local/gcc-9.4.0/bin/../lib/gcc/../../include
 /usr/include
End of search list.
GNU C17 (GCC) version 9.4.0 (x86_64-pc-linux-gnu)
	compiled by GNU C version 9.4.0, GMP version 6.0.0, MPFR version 3.1.1, MPC version 1.0.1, isl version none
GGC heuristics: --param ggc-min-expand=100 --param ggc-min-heapsize=131072
Compiler executable checksum: 5c1996e459c4623f8b3470f87bd52b33
COLLECT_GCC_OPTIONS='-v' '-o' 'CMakeFiles/cmTC_2a429.dir/CMakeCCompilerABI.c.o' '-c' '-mtune=generic' '-march=x86-64'
 as -v --64 -o CMakeFiles/cmTC_2a429.dir/CMakeCCompilerABI.c.o /tmp/ccdqcGOg.s
GNU assembler version 2.27 (x86_64-redhat-linux) using BFD version version 2.27-44.base.el7_9.1
COMPILER_PATH=/home/yangw/local/gcc-9.4.0/bin/../libexec/gcc/x86_64-pc-linux-gnu/9.4.0/:/home/yangw/local/gcc-9.4.0/bin/../libexec/gcc/
LIBRARY_PATH=/home/yangw/local/gcc-9.4.0/bin/../lib/gcc/x86_64-pc-linux-gnu/9.4.0/:/home/yangw/local/gcc-9.4.0/bin/../lib/gcc/:/home/yangw/local/gcc-9.4.0/bin/../lib/gcc/x86_64-pc-linux-gnu/9.4.0/../../../../lib64/:/lib/../lib64/:/usr/lib/../lib64/:/home/yangw/intel/openvino_2021/data_processing/dl_streamer/lib/:/home/yangw/intel/openvino_2021/data_processing/gstreamer/lib/:/home/yangw/intel/openvino_2021/data_processing/dl_streamer/lib/:/home/yangw/intel/openvino_2021/data_processing/gstreamer/lib/:./:/home/yangw/local/gcc-9.4.0/bin/../lib/gcc/x86_64-pc-linux-gnu/9.4.0/../../../:/lib/:/usr/lib/
COLLECT_GCC_OPTIONS='-v' '-o' 'CMakeFiles/cmTC_2a429.dir/CMakeCCompilerABI.c.o' '-c' '-mtune=generic' '-march=x86-64'
Linking C executable cmTC_2a429
/home/yangw/anaconda3/envs/ov2020/bin/cmake -E cmake_link_script CMakeFiles/cmTC_2a429.dir/link.txt --verbose=1
/home/yangw/local/gcc/bin/cc  -v -rdynamic CMakeFiles/cmTC_2a429.dir/CMakeCCompilerABI.c.o -o cmTC_2a429 
Using built-in specs.
COLLECT_GCC=/home/yangw/local/gcc/bin/cc
COLLECT_LTO_WRAPPER=/home/yangw/local/gcc-9.4.0/bin/../libexec/gcc/x86_64-pc-linux-gnu/9.4.0/lto-wrapper
Target: x86_64-pc-linux-gnu
Configured with: ./configure --prefix=/home/yangw/local/gcc --disable-multilib
Thread model: posix
gcc version 9.4.0 (GCC) 
COMPILER_PATH=/home/yangw/local/gcc-9.4.0/bin/../libexec/gcc/x86_64-pc-linux-gnu/9.4.0/:/home/yangw/local/gcc-9.4.0/bin/../libexec/gcc/
LIBRARY_PATH=/home/yangw/local/gcc-9.4.0/bin/../lib/gcc/x86_64-pc-linux-gnu/9.4.0/:/home/yangw/local/gcc-9.4.0/bin/../lib/gcc/:/home/yangw/local/gcc-9.4.0/bin/../lib/gcc/x86_64-pc-linux-gnu/9.4.0/../../../../lib64/:/lib/../lib64/:/usr/lib/../lib64/:/home/yangw/intel/openvino_2021/data_processing/dl_streamer/lib/:/home/yangw/intel/openvino_2021/data_processing/gstreamer/lib/:/home/yangw/intel/openvino_2021/data_processing/dl_streamer/lib/:/home/yangw/intel/openvino_2021/data_processing/gstreamer/lib/:./:/home/yangw/local/gcc-9.4.0/bin/../lib/gcc/x86_64-pc-linux-gnu/9.4.0/../../../:/lib/:/usr/lib/
COLLECT_GCC_OPTIONS='-v' '-rdynamic' '-o' 'cmTC_2a429' '-mtune=generic' '-march=x86-64'
 /home/yangw/local/gcc-9.4.0/bin/../libexec/gcc/x86_64-pc-linux-gnu/9.4.0/collect2 -plugin /home/yangw/local/gcc-9.4.0/bin/../libexec/gcc/x86_64-pc-linux-gnu/9.4.0/liblto_plugin.so -plugin-opt=/home/yangw/local/gcc-9.4.0/bin/../libexec/gcc/x86_64-pc-linux-gnu/9.4.0/lto-wrapper -plugin-opt=-fresolution=/tmp/ccEcsNem.res -plugin-opt=-pass-through=-lgcc -plugin-opt=-pass-through=-lgcc_s -plugin-opt=-pass-through=-lc -plugin-opt=-pass-through=-lgcc -plugin-opt=-pass-through=-lgcc_s --eh-frame-hdr -m elf_x86_64 -export-dynamic -dynamic-linker /lib64/ld-linux-x86-64.so.2 -o cmTC_2a429 /lib/../lib64/crt1.o /lib/../lib64/crti.o /home/yangw/local/gcc-9.4.0/bin/../lib/gcc/x86_64-pc-linux-gnu/9.4.0/crtbegin.o -L/home/yangw/local/gcc-9.4.0/bin/../lib/gcc/x86_64-pc-linux-gnu/9.4.0 -L/home/yangw/local/gcc-9.4.0/bin/../lib/gcc -L/home/yangw/local/gcc-9.4.0/bin/../lib/gcc/x86_64-pc-linux-gnu/9.4.0/../../../../lib64 -L/lib/../lib64 -L/usr/lib/../lib64 -L/home/yangw/intel/openvino_2021/data_processing/dl_streamer/lib -L/home/yangw/intel/openvino_2021/data_processing/gstreamer/lib -L/home/yangw/intel/openvino_2021/data_processing/dl_streamer/lib -L/home/yangw/intel/openvino_2021/data_processing/gstreamer/lib -L. -L/home/yangw/local/gcc-9.4.0/bin/../lib/gcc/x86_64-pc-linux-gnu/9.4.0/../../.. CMakeFiles/cmTC_2a429.dir/CMakeCCompilerABI.c.o -lgcc --as-needed -lgcc_s --no-as-needed -lc -lgcc --as-needed -lgcc_s --no-as-needed /home/yangw/local/gcc-9.4.0/bin/../lib/gcc/x86_64-pc-linux-gnu/9.4.0/crtend.o /lib/../lib64/crtn.o
COLLECT_GCC_OPTIONS='-v' '-rdynamic' '-o' 'cmTC_2a429' '-mtune=generic' '-march=x86-64'
gmake[1]: Leaving directory `/home/yangw/sources/SegmentOpenvino/build_ov2020/CMakeFiles/CMakeTmp'



Parsed C implicit include dir info from above output: rv=done
  found start of include info
  found start of implicit include info
    add: [/home/yangw/local/gcc-9.4.0/bin/../lib/gcc/x86_64-pc-linux-gnu/9.4.0/include]
    add: [/home/yangw/local/gcc-9.4.0/bin/../lib/gcc/x86_64-pc-linux-gnu/9.4.0/include-fixed]
    add: [/usr/local/include]
    add: [/home/yangw/local/gcc-9.4.0/bin/../lib/gcc/../../include]
    add: [/usr/include]
  end of search list found
  collapse include dir [/home/yangw/local/gcc-9.4.0/bin/../lib/gcc/x86_64-pc-linux-gnu/9.4.0/include] ==> [/home/yangw/local/gcc-9.4.0/lib/gcc/x86_64-pc-linux-gnu/9.4.0/include]
  collapse include dir [/home/yangw/local/gcc-9.4.0/bin/../lib/gcc/x86_64-pc-linux-gnu/9.4.0/include-fixed] ==> [/home/yangw/local/gcc-9.4.0/lib/gcc/x86_64-pc-linux-gnu/9.4.0/include-fixed]
  collapse include dir [/usr/local/include] ==> [/usr/local/include]
  collapse include dir [/home/yangw/local/gcc-9.4.0/bin/../lib/gcc/../../include] ==> [/home/yangw/local/gcc-9.4.0/include]
  collapse include dir [/usr/include] ==> [/usr/include]
  implicit include dirs: [/home/yangw/local/gcc-9.4.0/lib/gcc/x86_64-pc-linux-gnu/9.4.0/include;/home/yangw/local/gcc-9.4.0/lib/gcc/x86_64-pc-linux-gnu/9.4.0/include-fixed;/usr/local/include;/home/yangw/local/gcc-9.4.0/include;/usr/include]


Parsed C implicit link information from above output:
  link line regex: [^( *|.*[/\])(ld|CMAKE_LINK_STARTFILE-NOTFOUND|([^/\]+-)?ld|collect2)[^/\]*( |$)]
  ignore line: [Change Dir: /home/yangw/sources/SegmentOpenvino/build_ov2020/CMakeFiles/CMakeTmp]
  ignore line: []
  ignore line: [Run Build Command(s):/usr/bin/gmake -f Makefile cmTC_2a429/fast && /usr/bin/gmake  -f CMakeFiles/cmTC_2a429.dir/build.make CMakeFiles/cmTC_2a429.dir/build]
  ignore line: [gmake[1]: Entering directory `/home/yangw/sources/SegmentOpenvino/build_ov2020/CMakeFiles/CMakeTmp']
  ignore line: [Building C object CMakeFiles/cmTC_2a429.dir/CMakeCCompilerABI.c.o]
  ignore line: [/home/yangw/local/gcc/bin/cc   -v -o CMakeFiles/cmTC_2a429.dir/CMakeCCompilerABI.c.o -c /home/yangw/anaconda3/envs/ov2020/share/cmake-3.22/Modules/CMakeCCompilerABI.c]
  ignore line: [Using built-in specs.]
  ignore line: [COLLECT_GCC=/home/yangw/local/gcc/bin/cc]
  ignore line: [Target: x86_64-pc-linux-gnu]
  ignore line: [Configured with: ./configure --prefix=/home/yangw/local/gcc --disable-multilib]
  ignore line: [Thread model: posix]
  ignore line: [gcc version 9.4.0 (GCC) ]
  ignore line: [COLLECT_GCC_OPTIONS='-v' '-o' 'CMakeFiles/cmTC_2a429.dir/CMakeCCompilerABI.c.o' '-c' '-mtune=generic' '-march=x86-64']
  ignore line: [ /home/yangw/local/gcc-9.4.0/bin/../libexec/gcc/x86_64-pc-linux-gnu/9.4.0/cc1 -quiet -v -iprefix /home/yangw/local/gcc-9.4.0/bin/../lib/gcc/x86_64-pc-linux-gnu/9.4.0/ /home/yangw/anaconda3/envs/ov2020/share/cmake-3.22/Modules/CMakeCCompilerABI.c -quiet -dumpbase CMakeCCompilerABI.c -mtune=generic -march=x86-64 -auxbase-strip CMakeFiles/cmTC_2a429.dir/CMakeCCompilerABI.c.o -version -o /tmp/ccdqcGOg.s]
  ignore line: [GNU C17 (GCC) version 9.4.0 (x86_64-pc-linux-gnu)]
  ignore line: [	compiled by GNU C version 9.4.0  GMP version 6.0.0  MPFR version 3.1.1  MPC version 1.0.1  isl version none]
  ignore line: [GGC heuristics: --param ggc-min-expand=100 --param ggc-min-heapsize=131072]
  ignore line: [ignoring nonexistent directory "/home/yangw/local/gcc-9.4.0/bin/../lib/gcc/x86_64-pc-linux-gnu/9.4.0/../../../../x86_64-pc-linux-gnu/include"]
  ignore line: [ignoring duplicate directory "/home/yangw/local/gcc-9.4.0/bin/../lib/gcc/../../lib/gcc/x86_64-pc-linux-gnu/9.4.0/include"]
  ignore line: [ignoring duplicate directory "/home/yangw/local/gcc-9.4.0/bin/../lib/gcc/../../lib/gcc/x86_64-pc-linux-gnu/9.4.0/include-fixed"]
  ignore line: [ignoring nonexistent directory "/home/yangw/local/gcc-9.4.0/bin/../lib/gcc/../../lib/gcc/x86_64-pc-linux-gnu/9.4.0/../../../../x86_64-pc-linux-gnu/include"]
  ignore line: [#include "..." search starts here:]
  ignore line: [#include <...> search starts here:]
  ignore line: [ /home/yangw/local/gcc-9.4.0/bin/../lib/gcc/x86_64-pc-linux-gnu/9.4.0/include]
  ignore line: [ /home/yangw/local/gcc-9.4.0/bin/../lib/gcc/x86_64-pc-linux-gnu/9.4.0/include-fixed]
  ignore line: [ /usr/local/include]
  ignore line: [ /home/yangw/local/gcc-9.4.0/bin/../lib/gcc/../../include]
  ignore line: [ /usr/include]
  ignore line: [End of search list.]
  ignore line: [GNU C17 (GCC) version 9.4.0 (x86_64-pc-linux-gnu)]
  ignore line: [	compiled by GNU C version 9.4.0  GMP version 6.0.0  MPFR version 3.1.1  MPC version 1.0.1  isl version none]
  ignore line: [GGC heuristics: --param ggc-min-expand=100 --param ggc-min-heapsize=131072]
  ignore line: [Compiler executable checksum: 5c1996e459c4623f8b3470f87bd52b33]
  ignore line: [COLLECT_GCC_OPTIONS='-v' '-o' 'CMakeFiles/cmTC_2a429.dir/CMakeCCompilerABI.c.o' '-c' '-mtune=generic' '-march=x86-64']
  ignore line: [ as -v --64 -o CMakeFiles/cmTC_2a429.dir/CMakeCCompilerABI.c.o /tmp/ccdqcGOg.s]
  ignore line: [GNU assembler version 2.27 (x86_64-redhat-linux) using BFD version version 2.27-44.base.el7_9.1]
  ignore line: [COMPILER_PATH=/home/yangw/local/gcc-9.4.0/bin/../libexec/gcc/x86_64-pc-linux-gnu/9.4.0/:/home/yangw/local/gcc-9.4.0/bin/../libexec/gcc/]
  ignore line: [LIBRARY_PATH=/home/yangw/local/gcc-9.4.0/bin/../lib/gcc/x86_64-pc-linux-gnu/9.4.0/:/home/yangw/local/gcc-9.4.0/bin/../lib/gcc/:/home/yangw/local/gcc-9.4.0/bin/../lib/gcc/x86_64-pc-linux-gnu/9.4.0/../../../../lib64/:/lib/../lib64/:/usr/lib/../lib64/:/home/yangw/intel/openvino_2021/data_processing/dl_streamer/lib/:/home/yangw/intel/openvino_2021/data_processing/gstreamer/lib/:/home/yangw/intel/openvino_2021/data_processing/dl_streamer/lib/:/home/yangw/intel/openvino_2021/data_processing/gstreamer/lib/:./:/home/yangw/local/gcc-9.4.0/bin/../lib/gcc/x86_64-pc-linux-gnu/9.4.0/../../../:/lib/:/usr/lib/]
  ignore line: [COLLECT_GCC_OPTIONS='-v' '-o' 'CMakeFiles/cmTC_2a429.dir/CMakeCCompilerABI.c.o' '-c' '-mtune=generic' '-march=x86-64']
  ignore line: [Linking C executable cmTC_2a429]
  ignore line: [/home/yangw/anaconda3/envs/ov2020/bin/cmake -E cmake_link_script CMakeFiles/cmTC_2a429.dir/link.txt --verbose=1]
  ignore line: [/home/yangw/local/gcc/bin/cc  -v -rdynamic CMakeFiles/cmTC_2a429.dir/CMakeCCompilerABI.c.o -o cmTC_2a429 ]
  ignore line: [Using built-in specs.]
  ignore line: [COLLECT_GCC=/home/yangw/local/gcc/bin/cc]
  ignore line: [COLLECT_LTO_WRAPPER=/home/yangw/local/gcc-9.4.0/bin/../libexec/gcc/x86_64-pc-linux-gnu/9.4.0/lto-wrapper]
  ignore line: [Target: x86_64-pc-linux-gnu]
  ignore line: [Configured with: ./configure --prefix=/home/yangw/local/gcc --disable-multilib]
  ignore line: [Thread model: posix]
  ignore line: [gcc version 9.4.0 (GCC) ]
  ignore line: [COMPILER_PATH=/home/yangw/local/gcc-9.4.0/bin/../libexec/gcc/x86_64-pc-linux-gnu/9.4.0/:/home/yangw/local/gcc-9.4.0/bin/../libexec/gcc/]
  ignore line: [LIBRARY_PATH=/home/yangw/local/gcc-9.4.0/bin/../lib/gcc/x86_64-pc-linux-gnu/9.4.0/:/home/yangw/local/gcc-9.4.0/bin/../lib/gcc/:/home/yangw/local/gcc-9.4.0/bin/../lib/gcc/x86_64-pc-linux-gnu/9.4.0/../../../../lib64/:/lib/../lib64/:/usr/lib/../lib64/:/home/yangw/intel/openvino_2021/data_processing/dl_streamer/lib/:/home/yangw/intel/openvino_2021/data_processing/gstreamer/lib/:/home/yangw/intel/openvino_2021/data_processing/dl_streamer/lib/:/home/yangw/intel/openvino_2021/data_processing/gstreamer/lib/:./:/home/yangw/local/gcc-9.4.0/bin/../lib/gcc/x86_64-pc-linux-gnu/9.4.0/../../../:/lib/:/usr/lib/]
  ignore line: [COLLECT_GCC_OPTIONS='-v' '-rdynamic' '-o' 'cmTC_2a429' '-mtune=generic' '-march=x86-64']
  link line: [ /home/yangw/local/gcc-9.4.0/bin/../libexec/gcc/x86_64-pc-linux-gnu/9.4.0/collect2 -plugin /home/yangw/local/gcc-9.4.0/bin/../libexec/gcc/x86_64-pc-linux-gnu/9.4.0/liblto_plugin.so -plugin-opt=/home/yangw/local/gcc-9.4.0/bin/../libexec/gcc/x86_64-pc-linux-gnu/9.4.0/lto-wrapper -plugin-opt=-fresolution=/tmp/ccEcsNem.res -plugin-opt=-pass-through=-lgcc -plugin-opt=-pass-through=-lgcc_s -plugin-opt=-pass-through=-lc -plugin-opt=-pass-through=-lgcc -plugin-opt=-pass-through=-lgcc_s --eh-frame-hdr -m elf_x86_64 -export-dynamic -dynamic-linker /lib64/ld-linux-x86-64.so.2 -o cmTC_2a429 /lib/../lib64/crt1.o /lib/../lib64/crti.o /home/yangw/local/gcc-9.4.0/bin/../lib/gcc/x86_64-pc-linux-gnu/9.4.0/crtbegin.o -L/home/yangw/local/gcc-9.4.0/bin/../lib/gcc/x86_64-pc-linux-gnu/9.4.0 -L/home/yangw/local/gcc-9.4.0/bin/../lib/gcc -L/home/yangw/local/gcc-9.4.0/bin/../lib/gcc/x86_64-pc-linux-gnu/9.4.0/../../../../lib64 -L/lib/../lib64 -L/usr/lib/../lib64 -L/home/yangw/intel/openvino_2021/data_processing/dl_streamer/lib -L/home/yangw/intel/openvino_2021/data_processing/gstreamer/lib -L/home/yangw/intel/openvino_2021/data_processing/dl_streamer/lib -L/home/yangw/intel/openvino_2021/data_processing/gstreamer/lib -L. -L/home/yangw/local/gcc-9.4.0/bin/../lib/gcc/x86_64-pc-linux-gnu/9.4.0/../../.. CMakeFiles/cmTC_2a429.dir/CMakeCCompilerABI.c.o -lgcc --as-needed -lgcc_s --no-as-needed -lc -lgcc --as-needed -lgcc_s --no-as-needed /home/yangw/local/gcc-9.4.0/bin/../lib/gcc/x86_64-pc-linux-gnu/9.4.0/crtend.o /lib/../lib64/crtn.o]
    arg [/home/yangw/local/gcc-9.4.0/bin/../libexec/gcc/x86_64-pc-linux-gnu/9.4.0/collect2] ==> ignore
    arg [-plugin] ==> ignore
    arg [/home/yangw/local/gcc-9.4.0/bin/../libexec/gcc/x86_64-pc-linux-gnu/9.4.0/liblto_plugin.so] ==> ignore
    arg [-plugin-opt=/home/yangw/local/gcc-9.4.0/bin/../libexec/gcc/x86_64-pc-linux-gnu/9.4.0/lto-wrapper] ==> ignore
    arg [-plugin-opt=-fresolution=/tmp/ccEcsNem.res] ==> ignore
    arg [-plugin-opt=-pass-through=-lgcc] ==> ignore
    arg [-plugin-opt=-pass-through=-lgcc_s] ==> ignore
    arg [-plugin-opt=-pass-through=-lc] ==> ignore
    arg [-plugin-opt=-pass-through=-lgcc] ==> ignore
    arg [-plugin-opt=-pass-through=-lgcc_s] ==> ignore
    arg [--eh-frame-hdr] ==> ignore
    arg [-m] ==> ignore
    arg [elf_x86_64] ==> ignore
    arg [-export-dynamic] ==> ignore
    arg [-dynamic-linker] ==> ignore
    arg [/lib64/ld-linux-x86-64.so.2] ==> ignore
    arg [-o] ==> ignore
    arg [cmTC_2a429] ==> ignore
    arg [/lib/../lib64/crt1.o] ==> obj [/lib/../lib64/crt1.o]
    arg [/lib/../lib64/crti.o] ==> obj [/lib/../lib64/crti.o]
    arg [/home/yangw/local/gcc-9.4.0/bin/../lib/gcc/x86_64-pc-linux-gnu/9.4.0/crtbegin.o] ==> obj [/home/yangw/local/gcc-9.4.0/bin/../lib/gcc/x86_64-pc-linux-gnu/9.4.0/crtbegin.o]
    arg [-L/home/yangw/local/gcc-9.4.0/bin/../lib/gcc/x86_64-pc-linux-gnu/9.4.0] ==> dir [/home/yangw/local/gcc-9.4.0/bin/../lib/gcc/x86_64-pc-linux-gnu/9.4.0]
    arg [-L/home/yangw/local/gcc-9.4.0/bin/../lib/gcc] ==> dir [/home/yangw/local/gcc-9.4.0/bin/../lib/gcc]
    arg [-L/home/yangw/local/gcc-9.4.0/bin/../lib/gcc/x86_64-pc-linux-gnu/9.4.0/../../../../lib64] ==> dir [/home/yangw/local/gcc-9.4.0/bin/../lib/gcc/x86_64-pc-linux-gnu/9.4.0/../../../../lib64]
    arg [-L/lib/../lib64] ==> dir [/lib/../lib64]
    arg [-L/usr/lib/../lib64] ==> dir [/usr/lib/../lib64]
    arg [-L/home/yangw/intel/openvino_2021/data_processing/dl_streamer/lib] ==> dir [/home/yangw/intel/openvino_2021/data_processing/dl_streamer/lib]
    arg [-L/home/yangw/intel/openvino_2021/data_processing/gstreamer/lib] ==> dir [/home/yangw/intel/openvino_2021/data_processing/gstreamer/lib]
    arg [-L/home/yangw/intel/openvino_2021/data_processing/dl_streamer/lib] ==> dir [/home/yangw/intel/openvino_2021/data_processing/dl_streamer/lib]
    arg [-L/home/yangw/intel/openvino_2021/data_processing/gstreamer/lib] ==> dir [/home/yangw/intel/openvino_2021/data_processing/gstreamer/lib]
    arg [-L.] ==> ignore
    arg [-L/home/yangw/local/gcc-9.4.0/bin/../lib/gcc/x86_64-pc-linux-gnu/9.4.0/../../..] ==> dir [/home/yangw/local/gcc-9.4.0/bin/../lib/gcc/x86_64-pc-linux-gnu/9.4.0/../../..]
    arg [CMakeFiles/cmTC_2a429.dir/CMakeCCompilerABI.c.o] ==> ignore
    arg [-lgcc] ==> lib [gcc]
    arg [--as-needed] ==> ignore
    arg [-lgcc_s] ==> lib [gcc_s]
    arg [--no-as-needed] ==> ignore
    arg [-lc] ==> lib [c]
    arg [-lgcc] ==> lib [gcc]
    arg [--as-needed] ==> ignore
    arg [-lgcc_s] ==> lib [gcc_s]
    arg [--no-as-needed] ==> ignore
    arg [/home/yangw/local/gcc-9.4.0/bin/../lib/gcc/x86_64-pc-linux-gnu/9.4.0/crtend.o] ==> obj [/home/yangw/local/gcc-9.4.0/bin/../lib/gcc/x86_64-pc-linux-gnu/9.4.0/crtend.o]
    arg [/lib/../lib64/crtn.o] ==> obj [/lib/../lib64/crtn.o]
  collapse obj [/lib/../lib64/crt1.o] ==> [/lib64/crt1.o]
  collapse obj [/lib/../lib64/crti.o] ==> [/lib64/crti.o]
  collapse obj [/home/yangw/local/gcc-9.4.0/bin/../lib/gcc/x86_64-pc-linux-gnu/9.4.0/crtbegin.o] ==> [/home/yangw/local/gcc-9.4.0/lib/gcc/x86_64-pc-linux-gnu/9.4.0/crtbegin.o]
  collapse obj [/home/yangw/local/gcc-9.4.0/bin/../lib/gcc/x86_64-pc-linux-gnu/9.4.0/crtend.o] ==> [/home/yangw/local/gcc-9.4.0/lib/gcc/x86_64-pc-linux-gnu/9.4.0/crtend.o]
  collapse obj [/lib/../lib64/crtn.o] ==> [/lib64/crtn.o]
  collapse library dir [/home/yangw/local/gcc-9.4.0/bin/../lib/gcc/x86_64-pc-linux-gnu/9.4.0] ==> [/home/yangw/local/gcc-9.4.0/lib/gcc/x86_64-pc-linux-gnu/9.4.0]
  collapse library dir [/home/yangw/local/gcc-9.4.0/bin/../lib/gcc] ==> [/home/yangw/local/gcc-9.4.0/lib/gcc]
  collapse library dir [/home/yangw/local/gcc-9.4.0/bin/../lib/gcc/x86_64-pc-linux-gnu/9.4.0/../../../../lib64] ==> [/home/yangw/local/gcc-9.4.0/lib64]
  collapse library dir [/lib/../lib64] ==> [/lib64]
  collapse library dir [/usr/lib/../lib64] ==> [/usr/lib64]
  collapse library dir [/home/yangw/intel/openvino_2021/data_processing/dl_streamer/lib] ==> [/home/yangw/intel/openvino_2021/data_processing/dl_streamer/lib]
  collapse library dir [/home/yangw/intel/openvino_2021/data_processing/gstreamer/lib] ==> [/home/yangw/intel/openvino_2021/data_processing/gstreamer/lib]
  collapse library dir [/home/yangw/intel/openvino_2021/data_processing/dl_streamer/lib] ==> [/home/yangw/intel/openvino_2021/data_processing/dl_streamer/lib]
  collapse library dir [/home/yangw/intel/openvino_2021/data_processing/gstreamer/lib] ==> [/home/yangw/intel/openvino_2021/data_processing/gstreamer/lib]
  collapse library dir [/home/yangw/local/gcc-9.4.0/bin/../lib/gcc/x86_64-pc-linux-gnu/9.4.0/../../..] ==> [/home/yangw/local/gcc-9.4.0/lib]
  implicit libs: [gcc;gcc_s;c;gcc;gcc_s]
  implicit objs: [/lib64/crt1.o;/lib64/crti.o;/home/yangw/local/gcc-9.4.0/lib/gcc/x86_64-pc-linux-gnu/9.4.0/crtbegin.o;/home/yangw/local/gcc-9.4.0/lib/gcc/x86_64-pc-linux-gnu/9.4.0/crtend.o;/lib64/crtn.o]
  implicit dirs: [/home/yangw/local/gcc-9.4.0/lib/gcc/x86_64-pc-linux-gnu/9.4.0;/home/yangw/local/gcc-9.4.0/lib/gcc;/home/yangw/local/gcc-9.4.0/lib64;/lib64;/usr/lib64;/home/yangw/intel/openvino_2021/data_processing/dl_streamer/lib;/home/yangw/intel/openvino_2021/data_processing/gstreamer/lib;/home/yangw/local/gcc-9.4.0/lib]
  implicit fwks: []


Detecting CXX compiler ABI info compiled with the following output:
Change Dir: /home/yangw/sources/SegmentOpenvino/build_ov2020/CMakeFiles/CMakeTmp

Run Build Command(s):/usr/bin/gmake -f Makefile cmTC_aad54/fast && /usr/bin/gmake  -f CMakeFiles/cmTC_aad54.dir/build.make CMakeFiles/cmTC_aad54.dir/build
gmake[1]: Entering directory `/home/yangw/sources/SegmentOpenvino/build_ov2020/CMakeFiles/CMakeTmp'
Building CXX object CMakeFiles/cmTC_aad54.dir/CMakeCXXCompilerABI.cpp.o
/home/yangw/local/gcc/bin/c++   -v -o CMakeFiles/cmTC_aad54.dir/CMakeCXXCompilerABI.cpp.o -c /home/yangw/anaconda3/envs/ov2020/share/cmake-3.22/Modules/CMakeCXXCompilerABI.cpp
Using built-in specs.
COLLECT_GCC=/home/yangw/local/gcc/bin/c++
Target: x86_64-pc-linux-gnu
Configured with: ./configure --prefix=/home/yangw/local/gcc --disable-multilib
Thread model: posix
gcc version 9.4.0 (GCC) 
COLLECT_GCC_OPTIONS='-v' '-o' 'CMakeFiles/cmTC_aad54.dir/CMakeCXXCompilerABI.cpp.o' '-c' '-shared-libgcc' '-mtune=generic' '-march=x86-64'
 /home/yangw/local/gcc-9.4.0/bin/../libexec/gcc/x86_64-pc-linux-gnu/9.4.0/cc1plus -quiet -v -iprefix /home/yangw/local/gcc-9.4.0/bin/../lib/gcc/x86_64-pc-linux-gnu/9.4.0/ -D_GNU_SOURCE /home/yangw/anaconda3/envs/ov2020/share/cmake-3.22/Modules/CMakeCXXCompilerABI.cpp -quiet -dumpbase CMakeCXXCompilerABI.cpp -mtune=generic -march=x86-64 -auxbase-strip CMakeFiles/cmTC_aad54.dir/CMakeCXXCompilerABI.cpp.o -version -o /tmp/ccw4ENtt.s
GNU C++14 (GCC) version 9.4.0 (x86_64-pc-linux-gnu)
	compiled by GNU C version 9.4.0, GMP version 6.0.0, MPFR version 3.1.1, MPC version 1.0.1, isl version none
GGC heuristics: --param ggc-min-expand=100 --param ggc-min-heapsize=131072
ignoring nonexistent directory "/home/yangw/local/gcc-9.4.0/bin/../lib/gcc/x86_64-pc-linux-gnu/9.4.0/../../../../x86_64-pc-linux-gnu/include"
ignoring duplicate directory "/home/yangw/local/gcc-9.4.0/bin/../lib/gcc/../../lib/gcc/x86_64-pc-linux-gnu/9.4.0/../../../../include/c++/9.4.0"
ignoring duplicate directory "/home/yangw/local/gcc-9.4.0/bin/../lib/gcc/../../lib/gcc/x86_64-pc-linux-gnu/9.4.0/../../../../include/c++/9.4.0/x86_64-pc-linux-gnu"
ignoring duplicate directory "/home/yangw/local/gcc-9.4.0/bin/../lib/gcc/../../lib/gcc/x86_64-pc-linux-gnu/9.4.0/../../../../include/c++/9.4.0/backward"
ignoring duplicate directory "/home/yangw/local/gcc-9.4.0/bin/../lib/gcc/../../lib/gcc/x86_64-pc-linux-gnu/9.4.0/include"
ignoring duplicate directory "/home/yangw/local/gcc-9.4.0/bin/../lib/gcc/../../lib/gcc/x86_64-pc-linux-gnu/9.4.0/include-fixed"
ignoring nonexistent directory "/home/yangw/local/gcc-9.4.0/bin/../lib/gcc/../../lib/gcc/x86_64-pc-linux-gnu/9.4.0/../../../../x86_64-pc-linux-gnu/include"
#include "..." search starts here:
#include <...> search starts here:
 /home/yangw/local/gcc-9.4.0/bin/../lib/gcc/x86_64-pc-linux-gnu/9.4.0/../../../../include/c++/9.4.0
 /home/yangw/local/gcc-9.4.0/bin/../lib/gcc/x86_64-pc-linux-gnu/9.4.0/../../../../include/c++/9.4.0/x86_64-pc-linux-gnu
 /home/yangw/local/gcc-9.4.0/bin/../lib/gcc/x86_64-pc-linux-gnu/9.4.0/../../../../include/c++/9.4.0/backward
 /home/yangw/local/gcc-9.4.0/bin/../lib/gcc/x86_64-pc-linux-gnu/9.4.0/include
 /home/yangw/local/gcc-9.4.0/bin/../lib/gcc/x86_64-pc-linux-gnu/9.4.0/include-fixed
 /usr/local/include
 /home/yangw/local/gcc-9.4.0/bin/../lib/gcc/../../include
 /usr/include
End of search list.
GNU C++14 (GCC) version 9.4.0 (x86_64-pc-linux-gnu)
	compiled by GNU C version 9.4.0, GMP version 6.0.0, MPFR version 3.1.1, MPC version 1.0.1, isl version none
GGC heuristics: --param ggc-min-expand=100 --param ggc-min-heapsize=131072
Compiler executable checksum: e49572b1fe0c9a726578161e4ff356e9
COLLECT_GCC_OPTIONS='-v' '-o' 'CMakeFiles/cmTC_aad54.dir/CMakeCXXCompilerABI.cpp.o' '-c' '-shared-libgcc' '-mtune=generic' '-march=x86-64'
 as -v --64 -o CMakeFiles/cmTC_aad54.dir/CMakeCXXCompilerABI.cpp.o /tmp/ccw4ENtt.s
GNU assembler version 2.27 (x86_64-redhat-linux) using BFD version version 2.27-44.base.el7_9.1
COMPILER_PATH=/home/yangw/local/gcc-9.4.0/bin/../libexec/gcc/x86_64-pc-linux-gnu/9.4.0/:/home/yangw/local/gcc-9.4.0/bin/../libexec/gcc/
LIBRARY_PATH=/home/yangw/local/gcc-9.4.0/bin/../lib/gcc/x86_64-pc-linux-gnu/9.4.0/:/home/yangw/local/gcc-9.4.0/bin/../lib/gcc/:/home/yangw/local/gcc-9.4.0/bin/../lib/gcc/x86_64-pc-linux-gnu/9.4.0/../../../../lib64/:/lib/../lib64/:/usr/lib/../lib64/:/home/yangw/intel/openvino_2021/data_processing/dl_streamer/lib/:/home/yangw/intel/openvino_2021/data_processing/gstreamer/lib/:/home/yangw/intel/openvino_2021/data_processing/dl_streamer/lib/:/home/yangw/intel/openvino_2021/data_processing/gstreamer/lib/:./:/home/yangw/local/gcc-9.4.0/bin/../lib/gcc/x86_64-pc-linux-gnu/9.4.0/../../../:/lib/:/usr/lib/
COLLECT_GCC_OPTIONS='-v' '-o' 'CMakeFiles/cmTC_aad54.dir/CMakeCXXCompilerABI.cpp.o' '-c' '-shared-libgcc' '-mtune=generic' '-march=x86-64'
Linking CXX executable cmTC_aad54
/home/yangw/anaconda3/envs/ov2020/bin/cmake -E cmake_link_script CMakeFiles/cmTC_aad54.dir/link.txt --verbose=1
/home/yangw/local/gcc/bin/c++  -v -rdynamic CMakeFiles/cmTC_aad54.dir/CMakeCXXCompilerABI.cpp.o -o cmTC_aad54 
Using built-in specs.
COLLECT_GCC=/home/yangw/local/gcc/bin/c++
COLLECT_LTO_WRAPPER=/home/yangw/local/gcc-9.4.0/bin/../libexec/gcc/x86_64-pc-linux-gnu/9.4.0/lto-wrapper
Target: x86_64-pc-linux-gnu
Configured with: ./configure --prefix=/home/yangw/local/gcc --disable-multilib
Thread model: posix
gcc version 9.4.0 (GCC) 
COMPILER_PATH=/home/yangw/local/gcc-9.4.0/bin/../libexec/gcc/x86_64-pc-linux-gnu/9.4.0/:/home/yangw/local/gcc-9.4.0/bin/../libexec/gcc/
LIBRARY_PATH=/home/yangw/local/gcc-9.4.0/bin/../lib/gcc/x86_64-pc-linux-gnu/9.4.0/:/home/yangw/local/gcc-9.4.0/bin/../lib/gcc/:/home/yangw/local/gcc-9.4.0/bin/../lib/gcc/x86_64-pc-linux-gnu/9.4.0/../../../../lib64/:/lib/../lib64/:/usr/lib/../lib64/:/home/yangw/intel/openvino_2021/data_processing/dl_streamer/lib/:/home/yangw/intel/openvino_2021/data_processing/gstreamer/lib/:/home/yangw/intel/openvino_2021/data_processing/dl_streamer/lib/:/home/yangw/intel/openvino_2021/data_processing/gstreamer/lib/:./:/home/yangw/local/gcc-9.4.0/bin/../lib/gcc/x86_64-pc-linux-gnu/9.4.0/../../../:/lib/:/usr/lib/
COLLECT_GCC_OPTIONS='-v' '-rdynamic' '-o' 'cmTC_aad54' '-shared-libgcc' '-mtune=generic' '-march=x86-64'
 /home/yangw/local/gcc-9.4.0/bin/../libexec/gcc/x86_64-pc-linux-gnu/9.4.0/collect2 -plugin /home/yangw/local/gcc-9.4.0/bin/../libexec/gcc/x86_64-pc-linux-gnu/9.4.0/liblto_plugin.so -plugin-opt=/home/yangw/local/gcc-9.4.0/bin/../libexec/gcc/x86_64-pc-linux-gnu/9.4.0/lto-wrapper -plugin-opt=-fresolution=/tmp/ccDogcqy.res -plugin-opt=-pass-through=-lgcc_s -plugin-opt=-pass-through=-lgcc -plugin-opt=-pass-through=-lc -plugin-opt=-pass-through=-lgcc_s -plugin-opt=-pass-through=-lgcc --eh-frame-hdr -m elf_x86_64 -export-dynamic -dynamic-linker /lib64/ld-linux-x86-64.so.2 -o cmTC_aad54 /lib/../lib64/crt1.o /lib/../lib64/crti.o /home/yangw/local/gcc-9.4.0/bin/../lib/gcc/x86_64-pc-linux-gnu/9.4.0/crtbegin.o -L/home/yangw/local/gcc-9.4.0/bin/../lib/gcc/x86_64-pc-linux-gnu/9.4.0 -L/home/yangw/local/gcc-9.4.0/bin/../lib/gcc -L/home/yangw/local/gcc-9.4.0/bin/../lib/gcc/x86_64-pc-linux-gnu/9.4.0/../../../../lib64 -L/lib/../lib64 -L/usr/lib/../lib64 -L/home/yangw/intel/openvino_2021/data_processing/dl_streamer/lib -L/home/yangw/intel/openvino_2021/data_processing/gstreamer/lib -L/home/yangw/intel/openvino_2021/data_processing/dl_streamer/lib -L/home/yangw/intel/openvino_2021/data_processing/gstreamer/lib -L. -L/home/yangw/local/gcc-9.4.0/bin/../lib/gcc/x86_64-pc-linux-gnu/9.4.0/../../.. CMakeFiles/cmTC_aad54.dir/CMakeCXXCompilerABI.cpp.o -lstdc++ -lm -lgcc_s -lgcc -lc -lgcc_s -lgcc /home/yangw/local/gcc-9.4.0/bin/../lib/gcc/x86_64-pc-linux-gnu/9.4.0/crtend.o /lib/../lib64/crtn.o
COLLECT_GCC_OPTIONS='-v' '-rdynamic' '-o' 'cmTC_aad54' '-shared-libgcc' '-mtune=generic' '-march=x86-64'
gmake[1]: Leaving directory `/home/yangw/sources/SegmentOpenvino/build_ov2020/CMakeFiles/CMakeTmp'



Parsed CXX implicit include dir info from above output: rv=done
  found start of include info
  found start of implicit include info
    add: [/home/yangw/local/gcc-9.4.0/bin/../lib/gcc/x86_64-pc-linux-gnu/9.4.0/../../../../include/c++/9.4.0]
    add: [/home/yangw/local/gcc-9.4.0/bin/../lib/gcc/x86_64-pc-linux-gnu/9.4.0/../../../../include/c++/9.4.0/x86_64-pc-linux-gnu]
    add: [/home/yangw/local/gcc-9.4.0/bin/../lib/gcc/x86_64-pc-linux-gnu/9.4.0/../../../../include/c++/9.4.0/backward]
    add: [/home/yangw/local/gcc-9.4.0/bin/../lib/gcc/x86_64-pc-linux-gnu/9.4.0/include]
    add: [/home/yangw/local/gcc-9.4.0/bin/../lib/gcc/x86_64-pc-linux-gnu/9.4.0/include-fixed]
    add: [/usr/local/include]
    add: [/home/yangw/local/gcc-9.4.0/bin/../lib/gcc/../../include]
    add: [/usr/include]
  end of search list found
  collapse include dir [/home/yangw/local/gcc-9.4.0/bin/../lib/gcc/x86_64-pc-linux-gnu/9.4.0/../../../../include/c++/9.4.0] ==> [/home/yangw/local/gcc-9.4.0/include/c++/9.4.0]
  collapse include dir [/home/yangw/local/gcc-9.4.0/bin/../lib/gcc/x86_64-pc-linux-gnu/9.4.0/../../../../include/c++/9.4.0/x86_64-pc-linux-gnu] ==> [/home/yangw/local/gcc-9.4.0/include/c++/9.4.0/x86_64-pc-linux-gnu]
  collapse include dir [/home/yangw/local/gcc-9.4.0/bin/../lib/gcc/x86_64-pc-linux-gnu/9.4.0/../../../../include/c++/9.4.0/backward] ==> [/home/yangw/local/gcc-9.4.0/include/c++/9.4.0/backward]
  collapse include dir [/home/yangw/local/gcc-9.4.0/bin/../lib/gcc/x86_64-pc-linux-gnu/9.4.0/include] ==> [/home/yangw/local/gcc-9.4.0/lib/gcc/x86_64-pc-linux-gnu/9.4.0/include]
  collapse include dir [/home/yangw/local/gcc-9.4.0/bin/../lib/gcc/x86_64-pc-linux-gnu/9.4.0/include-fixed] ==> [/home/yangw/local/gcc-9.4.0/lib/gcc/x86_64-pc-linux-gnu/9.4.0/include-fixed]
  collapse include dir [/usr/local/include] ==> [/usr/local/include]
  collapse include dir [/home/yangw/local/gcc-9.4.0/bin/../lib/gcc/../../include] ==> [/home/yangw/local/gcc-9.4.0/include]
  collapse include dir [/usr/include] ==> [/usr/include]
  implicit include dirs: [/home/yangw/local/gcc-9.4.0/include/c++/9.4.0;/home/yangw/local/gcc-9.4.0/include/c++/9.4.0/x86_64-pc-linux-gnu;/home/yangw/local/gcc-9.4.0/include/c++/9.4.0/backward;/home/yangw/local/gcc-9.4.0/lib/gcc/x86_64-pc-linux-gnu/9.4.0/include;/home/yangw/local/gcc-9.4.0/lib/gcc/x86_64-pc-linux-gnu/9.4.0/include-fixed;/usr/local/include;/home/yangw/local/gcc-9.4.0/include;/usr/include]


Parsed CXX implicit link information from above output:
  link line regex: [^( *|.*[/\])(ld|CMAKE_LINK_STARTFILE-NOTFOUND|([^/\]+-)?ld|collect2)[^/\]*( |$)]
  ignore line: [Change Dir: /home/yangw/sources/SegmentOpenvino/build_ov2020/CMakeFiles/CMakeTmp]
  ignore line: []
  ignore line: [Run Build Command(s):/usr/bin/gmake -f Makefile cmTC_aad54/fast && /usr/bin/gmake  -f CMakeFiles/cmTC_aad54.dir/build.make CMakeFiles/cmTC_aad54.dir/build]
  ignore line: [gmake[1]: Entering directory `/home/yangw/sources/SegmentOpenvino/build_ov2020/CMakeFiles/CMakeTmp']
  ignore line: [Building CXX object CMakeFiles/cmTC_aad54.dir/CMakeCXXCompilerABI.cpp.o]
  ignore line: [/home/yangw/local/gcc/bin/c++   -v -o CMakeFiles/cmTC_aad54.dir/CMakeCXXCompilerABI.cpp.o -c /home/yangw/anaconda3/envs/ov2020/share/cmake-3.22/Modules/CMakeCXXCompilerABI.cpp]
  ignore line: [Using built-in specs.]
  ignore line: [COLLECT_GCC=/home/yangw/local/gcc/bin/c++]
  ignore line: [Target: x86_64-pc-linux-gnu]
  ignore line: [Configured with: ./configure --prefix=/home/yangw/local/gcc --disable-multilib]
  ignore line: [Thread model: posix]
  ignore line: [gcc version 9.4.0 (GCC) ]
  ignore line: [COLLECT_GCC_OPTIONS='-v' '-o' 'CMakeFiles/cmTC_aad54.dir/CMakeCXXCompilerABI.cpp.o' '-c' '-shared-libgcc' '-mtune=generic' '-march=x86-64']
  ignore line: [ /home/yangw/local/gcc-9.4.0/bin/../libexec/gcc/x86_64-pc-linux-gnu/9.4.0/cc1plus -quiet -v -iprefix /home/yangw/local/gcc-9.4.0/bin/../lib/gcc/x86_64-pc-linux-gnu/9.4.0/ -D_GNU_SOURCE /home/yangw/anaconda3/envs/ov2020/share/cmake-3.22/Modules/CMakeCXXCompilerABI.cpp -quiet -dumpbase CMakeCXXCompilerABI.cpp -mtune=generic -march=x86-64 -auxbase-strip CMakeFiles/cmTC_aad54.dir/CMakeCXXCompilerABI.cpp.o -version -o /tmp/ccw4ENtt.s]
  ignore line: [GNU C++14 (GCC) version 9.4.0 (x86_64-pc-linux-gnu)]
  ignore line: [	compiled by GNU C version 9.4.0  GMP version 6.0.0  MPFR version 3.1.1  MPC version 1.0.1  isl version none]
  ignore line: [GGC heuristics: --param ggc-min-expand=100 --param ggc-min-heapsize=131072]
  ignore line: [ignoring nonexistent directory "/home/yangw/local/gcc-9.4.0/bin/../lib/gcc/x86_64-pc-linux-gnu/9.4.0/../../../../x86_64-pc-linux-gnu/include"]
  ignore line: [ignoring duplicate directory "/home/yangw/local/gcc-9.4.0/bin/../lib/gcc/../../lib/gcc/x86_64-pc-linux-gnu/9.4.0/../../../../include/c++/9.4.0"]
  ignore line: [ignoring duplicate directory "/home/yangw/local/gcc-9.4.0/bin/../lib/gcc/../../lib/gcc/x86_64-pc-linux-gnu/9.4.0/../../../../include/c++/9.4.0/x86_64-pc-linux-gnu"]
  ignore line: [ignoring duplicate directory "/home/yangw/local/gcc-9.4.0/bin/../lib/gcc/../../lib/gcc/x86_64-pc-linux-gnu/9.4.0/../../../../include/c++/9.4.0/backward"]
  ignore line: [ignoring duplicate directory "/home/yangw/local/gcc-9.4.0/bin/../lib/gcc/../../lib/gcc/x86_64-pc-linux-gnu/9.4.0/include"]
  ignore line: [ignoring duplicate directory "/home/yangw/local/gcc-9.4.0/bin/../lib/gcc/../../lib/gcc/x86_64-pc-linux-gnu/9.4.0/include-fixed"]
  ignore line: [ignoring nonexistent directory "/home/yangw/local/gcc-9.4.0/bin/../lib/gcc/../../lib/gcc/x86_64-pc-linux-gnu/9.4.0/../../../../x86_64-pc-linux-gnu/include"]
  ignore line: [#include "..." search starts here:]
  ignore line: [#include <...> search starts here:]
  ignore line: [ /home/yangw/local/gcc-9.4.0/bin/../lib/gcc/x86_64-pc-linux-gnu/9.4.0/../../../../include/c++/9.4.0]
  ignore line: [ /home/yangw/local/gcc-9.4.0/bin/../lib/gcc/x86_64-pc-linux-gnu/9.4.0/../../../../include/c++/9.4.0/x86_64-pc-linux-gnu]
  ignore line: [ /home/yangw/local/gcc-9.4.0/bin/../lib/gcc/x86_64-pc-linux-gnu/9.4.0/../../../../include/c++/9.4.0/backward]
  ignore line: [ /home/yangw/local/gcc-9.4.0/bin/../lib/gcc/x86_64-pc-linux-gnu/9.4.0/include]
  ignore line: [ /home/yangw/local/gcc-9.4.0/bin/../lib/gcc/x86_64-pc-linux-gnu/9.4.0/include-fixed]
  ignore line: [ /usr/local/include]
  ignore line: [ /home/yangw/local/gcc-9.4.0/bin/../lib/gcc/../../include]
  ignore line: [ /usr/include]
  ignore line: [End of search list.]
  ignore line: [GNU C++14 (GCC) version 9.4.0 (x86_64-pc-linux-gnu)]
  ignore line: [	compiled by GNU C version 9.4.0  GMP version 6.0.0  MPFR version 3.1.1  MPC version 1.0.1  isl version none]
  ignore line: [GGC heuristics: --param ggc-min-expand=100 --param ggc-min-heapsize=131072]
  ignore line: [Compiler executable checksum: e49572b1fe0c9a726578161e4ff356e9]
  ignore line: [COLLECT_GCC_OPTIONS='-v' '-o' 'CMakeFiles/cmTC_aad54.dir/CMakeCXXCompilerABI.cpp.o' '-c' '-shared-libgcc' '-mtune=generic' '-march=x86-64']
  ignore line: [ as -v --64 -o CMakeFiles/cmTC_aad54.dir/CMakeCXXCompilerABI.cpp.o /tmp/ccw4ENtt.s]
  ignore line: [GNU assembler version 2.27 (x86_64-redhat-linux) using BFD version version 2.27-44.base.el7_9.1]
  ignore line: [COMPILER_PATH=/home/yangw/local/gcc-9.4.0/bin/../libexec/gcc/x86_64-pc-linux-gnu/9.4.0/:/home/yangw/local/gcc-9.4.0/bin/../libexec/gcc/]
  ignore line: [LIBRARY_PATH=/home/yangw/local/gcc-9.4.0/bin/../lib/gcc/x86_64-pc-linux-gnu/9.4.0/:/home/yangw/local/gcc-9.4.0/bin/../lib/gcc/:/home/yangw/local/gcc-9.4.0/bin/../lib/gcc/x86_64-pc-linux-gnu/9.4.0/../../../../lib64/:/lib/../lib64/:/usr/lib/../lib64/:/home/yangw/intel/openvino_2021/data_processing/dl_streamer/lib/:/home/yangw/intel/openvino_2021/data_processing/gstreamer/lib/:/home/yangw/intel/openvino_2021/data_processing/dl_streamer/lib/:/home/yangw/intel/openvino_2021/data_processing/gstreamer/lib/:./:/home/yangw/local/gcc-9.4.0/bin/../lib/gcc/x86_64-pc-linux-gnu/9.4.0/../../../:/lib/:/usr/lib/]
  ignore line: [COLLECT_GCC_OPTIONS='-v' '-o' 'CMakeFiles/cmTC_aad54.dir/CMakeCXXCompilerABI.cpp.o' '-c' '-shared-libgcc' '-mtune=generic' '-march=x86-64']
  ignore line: [Linking CXX executable cmTC_aad54]
  ignore line: [/home/yangw/anaconda3/envs/ov2020/bin/cmake -E cmake_link_script CMakeFiles/cmTC_aad54.dir/link.txt --verbose=1]
  ignore line: [/home/yangw/local/gcc/bin/c++  -v -rdynamic CMakeFiles/cmTC_aad54.dir/CMakeCXXCompilerABI.cpp.o -o cmTC_aad54 ]
  ignore line: [Using built-in specs.]
  ignore line: [COLLECT_GCC=/home/yangw/local/gcc/bin/c++]
  ignore line: [COLLECT_LTO_WRAPPER=/home/yangw/local/gcc-9.4.0/bin/../libexec/gcc/x86_64-pc-linux-gnu/9.4.0/lto-wrapper]
  ignore line: [Target: x86_64-pc-linux-gnu]
  ignore line: [Configured with: ./configure --prefix=/home/yangw/local/gcc --disable-multilib]
  ignore line: [Thread model: posix]
  ignore line: [gcc version 9.4.0 (GCC) ]
  ignore line: [COMPILER_PATH=/home/yangw/local/gcc-9.4.0/bin/../libexec/gcc/x86_64-pc-linux-gnu/9.4.0/:/home/yangw/local/gcc-9.4.0/bin/../libexec/gcc/]
  ignore line: [LIBRARY_PATH=/home/yangw/local/gcc-9.4.0/bin/../lib/gcc/x86_64-pc-linux-gnu/9.4.0/:/home/yangw/local/gcc-9.4.0/bin/../lib/gcc/:/home/yangw/local/gcc-9.4.0/bin/../lib/gcc/x86_64-pc-linux-gnu/9.4.0/../../../../lib64/:/lib/../lib64/:/usr/lib/../lib64/:/home/yangw/intel/openvino_2021/data_processing/dl_streamer/lib/:/home/yangw/intel/openvino_2021/data_processing/gstreamer/lib/:/home/yangw/intel/openvino_2021/data_processing/dl_streamer/lib/:/home/yangw/intel/openvino_2021/data_processing/gstreamer/lib/:./:/home/yangw/local/gcc-9.4.0/bin/../lib/gcc/x86_64-pc-linux-gnu/9.4.0/../../../:/lib/:/usr/lib/]
  ignore line: [COLLECT_GCC_OPTIONS='-v' '-rdynamic' '-o' 'cmTC_aad54' '-shared-libgcc' '-mtune=generic' '-march=x86-64']
  link line: [ /home/yangw/local/gcc-9.4.0/bin/../libexec/gcc/x86_64-pc-linux-gnu/9.4.0/collect2 -plugin /home/yangw/local/gcc-9.4.0/bin/../libexec/gcc/x86_64-pc-linux-gnu/9.4.0/liblto_plugin.so -plugin-opt=/home/yangw/local/gcc-9.4.0/bin/../libexec/gcc/x86_64-pc-linux-gnu/9.4.0/lto-wrapper -plugin-opt=-fresolution=/tmp/ccDogcqy.res -plugin-opt=-pass-through=-lgcc_s -plugin-opt=-pass-through=-lgcc -plugin-opt=-pass-through=-lc -plugin-opt=-pass-through=-lgcc_s -plugin-opt=-pass-through=-lgcc --eh-frame-hdr -m elf_x86_64 -export-dynamic -dynamic-linker /lib64/ld-linux-x86-64.so.2 -o cmTC_aad54 /lib/../lib64/crt1.o /lib/../lib64/crti.o /home/yangw/local/gcc-9.4.0/bin/../lib/gcc/x86_64-pc-linux-gnu/9.4.0/crtbegin.o -L/home/yangw/local/gcc-9.4.0/bin/../lib/gcc/x86_64-pc-linux-gnu/9.4.0 -L/home/yangw/local/gcc-9.4.0/bin/../lib/gcc -L/home/yangw/local/gcc-9.4.0/bin/../lib/gcc/x86_64-pc-linux-gnu/9.4.0/../../../../lib64 -L/lib/../lib64 -L/usr/lib/../lib64 -L/home/yangw/intel/openvino_2021/data_processing/dl_streamer/lib -L/home/yangw/intel/openvino_2021/data_processing/gstreamer/lib -L/home/yangw/intel/openvino_2021/data_processing/dl_streamer/lib -L/home/yangw/intel/openvino_2021/data_processing/gstreamer/lib -L. -L/home/yangw/local/gcc-9.4.0/bin/../lib/gcc/x86_64-pc-linux-gnu/9.4.0/../../.. CMakeFiles/cmTC_aad54.dir/CMakeCXXCompilerABI.cpp.o -lstdc++ -lm -lgcc_s -lgcc -lc -lgcc_s -lgcc /home/yangw/local/gcc-9.4.0/bin/../lib/gcc/x86_64-pc-linux-gnu/9.4.0/crtend.o /lib/../lib64/crtn.o]
    arg [/home/yangw/local/gcc-9.4.0/bin/../libexec/gcc/x86_64-pc-linux-gnu/9.4.0/collect2] ==> ignore
    arg [-plugin] ==> ignore
    arg [/home/yangw/local/gcc-9.4.0/bin/../libexec/gcc/x86_64-pc-linux-gnu/9.4.0/liblto_plugin.so] ==> ignore
    arg [-plugin-opt=/home/yangw/local/gcc-9.4.0/bin/../libexec/gcc/x86_64-pc-linux-gnu/9.4.0/lto-wrapper] ==> ignore
    arg [-plugin-opt=-fresolution=/tmp/ccDogcqy.res] ==> ignore
    arg [-plugin-opt=-pass-through=-lgcc_s] ==> ignore
    arg [-plugin-opt=-pass-through=-lgcc] ==> ignore
    arg [-plugin-opt=-pass-through=-lc] ==> ignore
    arg [-plugin-opt=-pass-through=-lgcc_s] ==> ignore
    arg [-plugin-opt=-pass-through=-lgcc] ==> ignore
    arg [--eh-frame-hdr] ==> ignore
    arg [-m] ==> ignore
    arg [elf_x86_64] ==> ignore
    arg [-export-dynamic] ==> ignore
    arg [-dynamic-linker] ==> ignore
    arg [/lib64/ld-linux-x86-64.so.2] ==> ignore
    arg [-o] ==> ignore
    arg [cmTC_aad54] ==> ignore
    arg [/lib/../lib64/crt1.o] ==> obj [/lib/../lib64/crt1.o]
    arg [/lib/../lib64/crti.o] ==> obj [/lib/../lib64/crti.o]
    arg [/home/yangw/local/gcc-9.4.0/bin/../lib/gcc/x86_64-pc-linux-gnu/9.4.0/crtbegin.o] ==> obj [/home/yangw/local/gcc-9.4.0/bin/../lib/gcc/x86_64-pc-linux-gnu/9.4.0/crtbegin.o]
    arg [-L/home/yangw/local/gcc-9.4.0/bin/../lib/gcc/x86_64-pc-linux-gnu/9.4.0] ==> dir [/home/yangw/local/gcc-9.4.0/bin/../lib/gcc/x86_64-pc-linux-gnu/9.4.0]
    arg [-L/home/yangw/local/gcc-9.4.0/bin/../lib/gcc] ==> dir [/home/yangw/local/gcc-9.4.0/bin/../lib/gcc]
    arg [-L/home/yangw/local/gcc-9.4.0/bin/../lib/gcc/x86_64-pc-linux-gnu/9.4.0/../../../../lib64] ==> dir [/home/yangw/local/gcc-9.4.0/bin/../lib/gcc/x86_64-pc-linux-gnu/9.4.0/../../../../lib64]
    arg [-L/lib/../lib64] ==> dir [/lib/../lib64]
    arg [-L/usr/lib/../lib64] ==> dir [/usr/lib/../lib64]
    arg [-L/home/yangw/intel/openvino_2021/data_processing/dl_streamer/lib] ==> dir [/home/yangw/intel/openvino_2021/data_processing/dl_streamer/lib]
    arg [-L/home/yangw/intel/openvino_2021/data_processing/gstreamer/lib] ==> dir [/home/yangw/intel/openvino_2021/data_processing/gstreamer/lib]
    arg [-L/home/yangw/intel/openvino_2021/data_processing/dl_streamer/lib] ==> dir [/home/yangw/intel/openvino_2021/data_processing/dl_streamer/lib]
    arg [-L/home/yangw/intel/openvino_2021/data_processing/gstreamer/lib] ==> dir [/home/yangw/intel/openvino_2021/data_processing/gstreamer/lib]
    arg [-L.] ==> ignore
    arg [-L/home/yangw/local/gcc-9.4.0/bin/../lib/gcc/x86_64-pc-linux-gnu/9.4.0/../../..] ==> dir [/home/yangw/local/gcc-9.4.0/bin/../lib/gcc/x86_64-pc-linux-gnu/9.4.0/../../..]
    arg [CMakeFiles/cmTC_aad54.dir/CMakeCXXCompilerABI.cpp.o] ==> ignore
    arg [-lstdc++] ==> lib [stdc++]
    arg [-lm] ==> lib [m]
    arg [-lgcc_s] ==> lib [gcc_s]
    arg [-lgcc] ==> lib [gcc]
    arg [-lc] ==> lib [c]
    arg [-lgcc_s] ==> lib [gcc_s]
    arg [-lgcc] ==> lib [gcc]
    arg [/home/yangw/local/gcc-9.4.0/bin/../lib/gcc/x86_64-pc-linux-gnu/9.4.0/crtend.o] ==> obj [/home/yangw/local/gcc-9.4.0/bin/../lib/gcc/x86_64-pc-linux-gnu/9.4.0/crtend.o]
    arg [/lib/../lib64/crtn.o] ==> obj [/lib/../lib64/crtn.o]
  collapse obj [/lib/../lib64/crt1.o] ==> [/lib64/crt1.o]
  collapse obj [/lib/../lib64/crti.o] ==> [/lib64/crti.o]
  collapse obj [/home/yangw/local/gcc-9.4.0/bin/../lib/gcc/x86_64-pc-linux-gnu/9.4.0/crtbegin.o] ==> [/home/yangw/local/gcc-9.4.0/lib/gcc/x86_64-pc-linux-gnu/9.4.0/crtbegin.o]
  collapse obj [/home/yangw/local/gcc-9.4.0/bin/../lib/gcc/x86_64-pc-linux-gnu/9.4.0/crtend.o] ==> [/home/yangw/local/gcc-9.4.0/lib/gcc/x86_64-pc-linux-gnu/9.4.0/crtend.o]
  collapse obj [/lib/../lib64/crtn.o] ==> [/lib64/crtn.o]
  collapse library dir [/home/yangw/local/gcc-9.4.0/bin/../lib/gcc/x86_64-pc-linux-gnu/9.4.0] ==> [/home/yangw/local/gcc-9.4.0/lib/gcc/x86_64-pc-linux-gnu/9.4.0]
  collapse library dir [/home/yangw/local/gcc-9.4.0/bin/../lib/gcc] ==> [/home/yangw/local/gcc-9.4.0/lib/gcc]
  collapse library dir [/home/yangw/local/gcc-9.4.0/bin/../lib/gcc/x86_64-pc-linux-gnu/9.4.0/../../../../lib64] ==> [/home/yangw/local/gcc-9.4.0/lib64]
  collapse library dir [/lib/../lib64] ==> [/lib64]
  collapse library dir [/usr/lib/../lib64] ==> [/usr/lib64]
  collapse library dir [/home/yangw/intel/openvino_2021/data_processing/dl_streamer/lib] ==> [/home/yangw/intel/openvino_2021/data_processing/dl_streamer/lib]
  collapse library dir [/home/yangw/intel/openvino_2021/data_processing/gstreamer/lib] ==> [/home/yangw/intel/openvino_2021/data_processing/gstreamer/lib]
  collapse library dir [/home/yangw/intel/openvino_2021/data_processing/dl_streamer/lib] ==> [/home/yangw/intel/openvino_2021/data_processing/dl_streamer/lib]
  collapse library dir [/home/yangw/intel/openvino_2021/data_processing/gstreamer/lib] ==> [/home/yangw/intel/openvino_2021/data_processing/gstreamer/lib]
  collapse library dir [/home/yangw/local/gcc-9.4.0/bin/../lib/gcc/x86_64-pc-linux-gnu/9.4.0/../../..] ==> [/home/yangw/local/gcc-9.4.0/lib]
  implicit libs: [stdc++;m;gcc_s;gcc;c;gcc_s;gcc]
  implicit objs: [/lib64/crt1.o;/lib64/crti.o;/home/yangw/local/gcc-9.4.0/lib/gcc/x86_64-pc-linux-gnu/9.4.0/crtbegin.o;/home/yangw/local/gcc-9.4.0/lib/gcc/x86_64-pc-linux-gnu/9.4.0/crtend.o;/lib64/crtn.o]
  implicit dirs: [/home/yangw/local/gcc-9.4.0/lib/gcc/x86_64-pc-linux-gnu/9.4.0;/home/yangw/local/gcc-9.4.0/lib/gcc;/home/yangw/local/gcc-9.4.0/lib64;/lib64;/usr/lib64;/home/yangw/intel/openvino_2021/data_processing/dl_streamer/lib;/home/yangw/intel/openvino_2021/data_processing/gstreamer/lib;/home/yangw/local/gcc-9.4.0/lib]
  implicit fwks: []


